<?xml version="1.0" encoding="UTF-8"?>
<!-- Generated by org.testng.reporters.JUnitReportReporter -->
<testsuite hostname="BODESLAVA" failures="0" tests="1" name="test.APIPublic.getObjectsWithURLParams" time="3.714" errors="0" timestamp="2024-08-14T12:52:45 COT" skipped="0">
  <testcase classname="test.APIPublic.getObjectsWithURLParams" name="getSingleObject" time="3.714"/>
</testsuite> <!-- test.APIPublic.getObjectsWithURLParams -->
