<?xml version="1.0" encoding="UTF-8"?>
<!-- Generated by org.testng.reporters.JUnitReportReporter -->
<testsuite hostname="BODESLAVA" failures="0" tests="1" name="test.APIPublic.UpdateBody" time="4.104" errors="0" timestamp="2024-08-14T11:55:51 COT" skipped="0">
  <testcase classname="test.APIPublic.UpdateBody" name="updateObjects" time="4.104"/>
</testsuite> <!-- test.APIPublic.UpdateBody -->
