<?xml version="1.0" encoding="UTF-8"?>
<!-- Generated by org.testng.reporters.JUnitReportReporter -->
<testsuite hostname="BODESLAVA" failures="0" tests="1" name="test.APIPublic.CreateObjects" time="4.930" errors="0" timestamp="2024-08-14T14:20:30 COT" skipped="0">
  <testcase classname="test.APIPublic.CreateObjects" name="createObjects" time="4.930"/>
</testsuite> <!-- test.APIPublic.CreateObjects -->
