<?xml version="1.0" encoding="UTF-8"?>
<!-- Generated by org.testng.reporters.JUnitReportReporter -->
<testsuite hostname="BODESLAVA" failures="0" tests="1" name="test.APIPublic.GetSingleObject" time="3.286" errors="0" timestamp="2024-08-14T13:27:20 COT" skipped="0">
  <testcase classname="test.APIPublic.GetSingleObject" name="getSingleObject" time="3.286"/>
</testsuite> <!-- test.APIPublic.GetSingleObject -->
