<?xml version="1.0" encoding="UTF-8"?>
<!-- Generated by org.testng.reporters.JUnitReportReporter -->
<testsuite hostname="BODESLAVA" failures="0" tests="1" name="test.APIPublic.UpdatePartiallyObject" time="3.578" errors="0" timestamp="2024-08-14T12:35:14 COT" skipped="0">
  <testcase classname="test.APIPublic.UpdatePartiallyObject" name="updateObjects" time="3.578"/>
</testsuite> <!-- test.APIPublic.UpdatePartiallyObject -->
